Parse_starter_project/TwitterApp/build/intermediates/manifest_merge_blame_file/debug/manifest-merger-blame-debug-report.txt
1<?xml version="1.0" encoding="utf-8"?>
2<manifest xmlns:android="http://schemas.android.com/apk/res/android"
3    package="arjun.myappcompany.instagram"
4    android:versionCode="1"
5    android:versionName="1.0" >
6
7    <uses-sdk
8        android:minSdkVersion="23"
8-->src\main\AndroidManifest.xml
9        android:targetSdkVersion="31" />
9-->src\main\AndroidManifest.xml
10
11    <uses-permission android:name="android.permission.READ_EXTERNAL_STORAGE" />
11-->src\main\AndroidManifest.xml:30:5-80
11-->src\main\AndroidManifest.xml:30:22-77
12    <uses-permission android:name="android.permission.ACCESS_FINE_LOCATION" />
12-->src\main\AndroidManifest.xml:31:5-33:45
12-->src\main\AndroidManifest.xml:32:9-63
13    <uses-permission android:name="android.permission.INTERNET" />
13-->src\main\AndroidManifest.xml:34:5-67
13-->src\main\AndroidManifest.xml:34:22-64
14    <uses-permission android:name="android.permission.ACCESS_NETWORK_STATE" />
14-->src\main\AndroidManifest.xml:36:5-79
14-->src\main\AndroidManifest.xml:36:22-76
15    <uses-permission android:name="android.permission.WAKE_LOCK" />
15-->[com.google.firebase:firebase-measurement-connector-impl:15.0.0] AndroidManifest.xml:24:5-68
15-->[com.google.firebase:firebase-measurement-connector-impl:15.0.0] AndroidManifest.xml:24:22-65
16    <uses-permission android:name="com.google.android.finsky.permission.BIND_GET_INSTALL_REFERRER_SERVICE" /> <!-- Required by older versions of Google Play services to create IID tokens -->
16-->[com.google.firebase:firebase-analytics:15.0.2] AndroidManifest.xml:26:5-110
16-->[com.google.firebase:firebase-analytics:15.0.2] AndroidManifest.xml:26:22-107
17    <uses-permission android:name="com.google.android.c2dm.permission.RECEIVE" />
17-->[com.google.firebase:firebase-iid:15.1.0] AndroidManifest.xml:26:5-82
17-->[com.google.firebase:firebase-iid:15.1.0] AndroidManifest.xml:26:22-79
18
19    <permission
19-->[com.google.firebase:firebase-iid:15.1.0] AndroidManifest.xml:28:5-30:47
20        android:name="arjun.myappcompany.instagram.permission.C2D_MESSAGE"
20-->[com.google.firebase:firebase-iid:15.1.0] AndroidManifest.xml:29:9-63
21        android:protectionLevel="signature" />
21-->[com.google.firebase:firebase-iid:15.1.0] AndroidManifest.xml:30:9-44
22
23    <uses-permission android:name="arjun.myappcompany.instagram.permission.C2D_MESSAGE" />
23-->[com.google.firebase:firebase-iid:15.1.0] AndroidManifest.xml:32:5-79
23-->[com.google.firebase:firebase-iid:15.1.0] AndroidManifest.xml:32:22-76
24
25    <application
25-->src\main\AndroidManifest.xml:6:5-29:19
26        android:name="arjun.myappcompany.instagram.StarterApplication"
26-->src\main\AndroidManifest.xml:7:9-43
27        android:allowBackup="true"
27-->src\main\AndroidManifest.xml:8:9-35
28        android:appComponentFactory="androidx.core.app.CoreComponentFactory"
28-->[androidx.core:core:1.5.0] AndroidManifest.xml:24:18-86
29        android:debuggable="true"
30        android:extractNativeLibs="false"
31        android:icon="@mipmap/ic_launcher"
31-->src\main\AndroidManifest.xml:9:9-43
32        android:label="@string/app_name"
32-->src\main\AndroidManifest.xml:10:9-41
33        android:testOnly="true"
34        android:theme="@style/AppTheme" >
34-->src\main\AndroidManifest.xml:11:9-40
35        <activity
35-->src\main\AndroidManifest.xml:12:9-14:39
36            android:name="arjun.myappcompany.instagram.UserFeedActivity"
36-->src\main\AndroidManifest.xml:13:13-45
37            android:exported="true" />
37-->src\main\AndroidManifest.xml:14:13-36
38        <activity
38-->src\main\AndroidManifest.xml:15:9-17:39
39            android:name="arjun.myappcompany.instagram.UserListActivity"
39-->src\main\AndroidManifest.xml:16:13-45
40            android:exported="true" />
40-->src\main\AndroidManifest.xml:17:13-36
41        <activity
41-->src\main\AndroidManifest.xml:18:9-28:20
42            android:name="arjun.myappcompany.instagram.MainActivity"
42-->src\main\AndroidManifest.xml:19:13-41
43            android:exported="true"
43-->src\main\AndroidManifest.xml:20:13-36
44            android:label="@string/app_name" >
44-->src\main\AndroidManifest.xml:21:13-45
45            <intent-filter>
45-->src\main\AndroidManifest.xml:23:13-27:29
46                <action android:name="android.intent.action.MAIN" />
46-->src\main\AndroidManifest.xml:24:17-69
46-->src\main\AndroidManifest.xml:24:25-66
47
48                <category android:name="android.intent.category.LAUNCHER" />
48-->src\main\AndroidManifest.xml:26:17-77
48-->src\main\AndroidManifest.xml:26:27-74
49            </intent-filter>
50        </activity>
51
52        <service
52-->[com.parse:parse-fcm-android:1.17.3] AndroidManifest.xml:12:9-18:19
53            android:name="com.parse.fcm.ParseFirebaseJobService"
53-->[com.parse:parse-fcm-android:1.17.3] AndroidManifest.xml:13:13-65
54            android:exported="false" >
54-->[com.parse:parse-fcm-android:1.17.3] AndroidManifest.xml:14:13-37
55            <intent-filter>
55-->[com.parse:parse-fcm-android:1.17.3] AndroidManifest.xml:15:13-17:29
56                <action android:name="com.firebase.jobdispatcher.ACTION_EXECUTE" />
56-->[com.parse:parse-fcm-android:1.17.3] AndroidManifest.xml:16:17-84
56-->[com.parse:parse-fcm-android:1.17.3] AndroidManifest.xml:16:25-81
57            </intent-filter>
58        </service>
59        <!--
60             FirebaseMessagingService performs security checks at runtime,
61             no need for explicit permissions despite exported="true"
62        -->
63        <service
63-->[com.google.firebase:firebase-messaging:15.0.2] AndroidManifest.xml:28:9-34:19
64            android:name="com.google.firebase.messaging.FirebaseMessagingService"
64-->[com.google.firebase:firebase-messaging:15.0.2] AndroidManifest.xml:29:13-82
65            android:exported="true" >
65-->[com.google.firebase:firebase-messaging:15.0.2] AndroidManifest.xml:30:13-36
66            <intent-filter android:priority="-500" >
66-->[com.google.firebase:firebase-messaging:15.0.2] AndroidManifest.xml:31:13-33:29
66-->[com.google.firebase:firebase-messaging:15.0.2] AndroidManifest.xml:31:28-51
67                <action android:name="com.google.firebase.MESSAGING_EVENT" />
67-->[com.google.firebase:firebase-messaging:15.0.2] AndroidManifest.xml:32:17-78
67-->[com.google.firebase:firebase-messaging:15.0.2] AndroidManifest.xml:32:25-75
68            </intent-filter>
69        </service>
70        <service android:name="com.google.firebase.components.ComponentDiscoveryService" >
70-->[com.google.firebase:firebase-measurement-connector-impl:15.0.0] AndroidManifest.xml:27:9-31:19
70-->[com.google.firebase:firebase-measurement-connector-impl:15.0.0] AndroidManifest.xml:27:18-89
71            <meta-data
71-->[com.google.firebase:firebase-measurement-connector-impl:15.0.0] AndroidManifest.xml:28:13-30:85
72                android:name="com.google.firebase.components:com.google.firebase.analytics.connector.internal.AnalyticsConnectorRegistrar"
72-->[com.google.firebase:firebase-measurement-connector-impl:15.0.0] AndroidManifest.xml:29:17-139
73                android:value="com.google.firebase.components.ComponentRegistrar" />
73-->[com.google.firebase:firebase-measurement-connector-impl:15.0.0] AndroidManifest.xml:30:17-82
74            <meta-data
74-->[com.google.firebase:firebase-iid:15.1.0] AndroidManifest.xml:36:13-38:85
75                android:name="com.google.firebase.components:com.google.firebase.iid.Registrar"
75-->[com.google.firebase:firebase-iid:15.1.0] AndroidManifest.xml:37:17-96
76                android:value="com.google.firebase.components.ComponentRegistrar" />
76-->[com.google.firebase:firebase-iid:15.1.0] AndroidManifest.xml:38:17-82
77        </service>
78
79        <receiver
79-->[com.google.firebase:firebase-analytics:15.0.2] AndroidManifest.xml:29:9-33:20
80            android:name="com.google.android.gms.measurement.AppMeasurementReceiver"
80-->[com.google.firebase:firebase-analytics:15.0.2] AndroidManifest.xml:30:13-85
81            android:enabled="true"
81-->[com.google.firebase:firebase-analytics:15.0.2] AndroidManifest.xml:31:13-35
82            android:exported="false" >
82-->[com.google.firebase:firebase-analytics:15.0.2] AndroidManifest.xml:32:13-37
83        </receiver>
84        <receiver
84-->[com.google.firebase:firebase-analytics:15.0.2] AndroidManifest.xml:34:9-42:20
85            android:name="com.google.android.gms.measurement.AppMeasurementInstallReferrerReceiver"
85-->[com.google.firebase:firebase-analytics:15.0.2] AndroidManifest.xml:35:13-100
86            android:enabled="true"
86-->[com.google.firebase:firebase-analytics:15.0.2] AndroidManifest.xml:36:13-35
87            android:exported="true"
87-->[com.google.firebase:firebase-analytics:15.0.2] AndroidManifest.xml:37:13-36
88            android:permission="android.permission.INSTALL_PACKAGES" >
88-->[com.google.firebase:firebase-analytics:15.0.2] AndroidManifest.xml:38:13-69
89            <intent-filter>
89-->[com.google.firebase:firebase-analytics:15.0.2] AndroidManifest.xml:39:13-41:29
90                <action android:name="com.android.vending.INSTALL_REFERRER" />
90-->[com.google.firebase:firebase-analytics:15.0.2] AndroidManifest.xml:40:17-79
90-->[com.google.firebase:firebase-analytics:15.0.2] AndroidManifest.xml:40:25-76
91            </intent-filter>
92        </receiver>
93
94        <service
94-->[com.google.firebase:firebase-analytics:15.0.2] AndroidManifest.xml:44:9-47:40
95            android:name="com.google.android.gms.measurement.AppMeasurementService"
95-->[com.google.firebase:firebase-analytics:15.0.2] AndroidManifest.xml:45:13-84
96            android:enabled="true"
96-->[com.google.firebase:firebase-analytics:15.0.2] AndroidManifest.xml:46:13-35
97            android:exported="false" />
97-->[com.google.firebase:firebase-analytics:15.0.2] AndroidManifest.xml:47:13-37
98        <service
98-->[com.google.firebase:firebase-analytics:15.0.2] AndroidManifest.xml:48:9-52:72
99            android:name="com.google.android.gms.measurement.AppMeasurementJobService"
99-->[com.google.firebase:firebase-analytics:15.0.2] AndroidManifest.xml:49:13-87
100            android:enabled="true"
100-->[com.google.firebase:firebase-analytics:15.0.2] AndroidManifest.xml:50:13-35
101            android:exported="false"
101-->[com.google.firebase:firebase-analytics:15.0.2] AndroidManifest.xml:51:13-37
102            android:permission="android.permission.BIND_JOB_SERVICE" />
102-->[com.google.firebase:firebase-analytics:15.0.2] AndroidManifest.xml:52:13-69
103
104        <receiver
104-->[com.google.firebase:firebase-iid:15.1.0] AndroidManifest.xml:41:9-50:20
105            android:name="com.google.firebase.iid.FirebaseInstanceIdReceiver"
105-->[com.google.firebase:firebase-iid:15.1.0] AndroidManifest.xml:42:13-78
106            android:exported="true"
106-->[com.google.firebase:firebase-iid:15.1.0] AndroidManifest.xml:43:13-36
107            android:permission="com.google.android.c2dm.permission.SEND" >
107-->[com.google.firebase:firebase-iid:15.1.0] AndroidManifest.xml:44:13-73
108            <intent-filter>
108-->[com.google.firebase:firebase-iid:15.1.0] AndroidManifest.xml:45:13-49:29
109                <action android:name="com.google.android.c2dm.intent.RECEIVE" />
109-->[com.google.firebase:firebase-iid:15.1.0] AndroidManifest.xml:46:17-81
109-->[com.google.firebase:firebase-iid:15.1.0] AndroidManifest.xml:46:25-78
110
111                <category android:name="arjun.myappcompany.instagram" />
111-->[com.google.firebase:firebase-iid:15.1.0] AndroidManifest.xml:48:17-61
111-->[com.google.firebase:firebase-iid:15.1.0] AndroidManifest.xml:48:27-58
112            </intent-filter>
113        </receiver>
114        <!--
115             FirebaseInstanceIdService performs security checks at runtime,
116             no need for explicit permissions despite exported="true"
117        -->
118        <service
118-->[com.google.firebase:firebase-iid:15.1.0] AndroidManifest.xml:56:9-62:19
119            android:name="com.google.firebase.iid.FirebaseInstanceIdService"
119-->[com.google.firebase:firebase-iid:15.1.0] AndroidManifest.xml:57:13-77
120            android:exported="true" >
120-->[com.google.firebase:firebase-iid:15.1.0] AndroidManifest.xml:58:13-36
121            <intent-filter android:priority="-500" >
121-->[com.google.firebase:firebase-iid:15.1.0] AndroidManifest.xml:59:13-61:29
121-->[com.google.firebase:firebase-iid:15.1.0] AndroidManifest.xml:59:28-51
122                <action android:name="com.google.firebase.INSTANCE_ID_EVENT" />
122-->[com.google.firebase:firebase-iid:15.1.0] AndroidManifest.xml:60:17-80
122-->[com.google.firebase:firebase-iid:15.1.0] AndroidManifest.xml:60:25-77
123            </intent-filter>
124        </service>
125
126        <provider
126-->[com.google.firebase:firebase-common:15.0.1] AndroidManifest.xml:8:9-12:39
127            android:name="com.google.firebase.provider.FirebaseInitProvider"
127-->[com.google.firebase:firebase-common:15.0.1] AndroidManifest.xml:9:13-77
128            android:authorities="arjun.myappcompany.instagram.firebaseinitprovider"
128-->[com.google.firebase:firebase-common:15.0.1] AndroidManifest.xml:10:13-72
129            android:exported="false"
129-->[com.google.firebase:firebase-common:15.0.1] AndroidManifest.xml:11:13-37
130            android:initOrder="100" />
130-->[com.google.firebase:firebase-common:15.0.1] AndroidManifest.xml:12:13-36
131
132        <activity
132-->[com.google.android.gms:play-services-base:15.0.1] AndroidManifest.xml:23:9-26:75
133            android:name="com.google.android.gms.common.api.GoogleApiActivity"
133-->[com.google.android.gms:play-services-base:15.0.1] AndroidManifest.xml:24:13-79
134            android:exported="false"
134-->[com.google.android.gms:play-services-base:15.0.1] AndroidManifest.xml:25:13-37
135            android:theme="@android:style/Theme.Translucent.NoTitleBar" />
135-->[com.google.android.gms:play-services-base:15.0.1] AndroidManifest.xml:26:13-72
136
137        <meta-data
137-->[com.google.android.gms:play-services-basement:15.0.1] AndroidManifest.xml:23:9-25:69
138            android:name="com.google.android.gms.version"
138-->[com.google.android.gms:play-services-basement:15.0.1] AndroidManifest.xml:24:13-58
139            android:value="@integer/google_play_services_version" />
139-->[com.google.android.gms:play-services-basement:15.0.1] AndroidManifest.xml:25:13-66
140        <!--
141             Receives GooglePlay execution requests and forwards them to the
142             appropriate internal service.
143        -->
144        <service
144-->[com.firebase:firebase-jobdispatcher:0.8.5] AndroidManifest.xml:32:9-39:19
145            android:name="com.firebase.jobdispatcher.GooglePlayReceiver"
145-->[com.firebase:firebase-jobdispatcher:0.8.5] AndroidManifest.xml:33:13-73
146            android:exported="true"
146-->[com.firebase:firebase-jobdispatcher:0.8.5] AndroidManifest.xml:34:13-36
147            android:permission="com.google.android.gms.permission.BIND_NETWORK_TASK_SERVICE" >
147-->[com.firebase:firebase-jobdispatcher:0.8.5] AndroidManifest.xml:35:13-93
148            <intent-filter>
148-->[com.firebase:firebase-jobdispatcher:0.8.5] AndroidManifest.xml:36:13-38:29
149                <action android:name="com.google.android.gms.gcm.ACTION_TASK_READY" />
149-->[com.firebase:firebase-jobdispatcher:0.8.5] AndroidManifest.xml:37:17-87
149-->[com.firebase:firebase-jobdispatcher:0.8.5] AndroidManifest.xml:37:25-84
150            </intent-filter>
151        </service>
152    </application>
153
154</manifest>